<?xml version="1.0" encoding="UTF-8"?>
<testng-results ignored="0" total="2" passed="2" failed="0" skipped="0">
  <reporter-output>
    <line>
      <![CDATA[Before test]]>
    </line>
    <line>
      <![CDATA[Before class]]>
    </line>
    <line>
      <![CDATA[Login]]>
    </line>
    <line>
      <![CDATA[Log out]]>
    </line>
    <line>
      <![CDATA[Login]]>
    </line>
    <line>
      <![CDATA[Log out]]>
    </line>
    <line>
      <![CDATA[After class]]>
    </line>
    <line>
      <![CDATA[After test]]>
    </line>
    <line>
      <![CDATA[Close connection to database]]>
    </line>
  </reporter-output>
  <suite started-at="2023-12-27T18:21:48 IST" name="Default suite" finished-at="2023-12-27T18:22:31 IST" duration-ms="43318">
    <groups>
    </groups>
    <test started-at="2023-12-27T18:21:48 IST" name="Default test" finished-at="2023-12-27T18:22:31 IST" duration-ms="43318">
      <class name="testScripts.ReportTest">
        <test-method is-config="true" signature="beforeSuite()[pri:0, instance:testScripts.ReportTest@185a6e9]" started-at="2023-12-27T18:21:47 IST" name="beforeSuite" finished-at="2023-12-27T18:21:48 IST" duration-ms="824" status="PASS">
          <reporter-output>
          </reporter-output>
        </test-method> <!-- beforeSuite -->
        <test-method is-config="true" signature="beforeTest()[pri:0, instance:testScripts.ReportTest@185a6e9]" started-at="2023-12-27T18:21:48 IST" name="beforeTest" finished-at="2023-12-27T18:21:48 IST" duration-ms="8" status="PASS">
          <reporter-output>
            <line>
              <![CDATA[Before test]]>
            </line>
          </reporter-output>
        </test-method> <!-- beforeTest -->
        <test-method is-config="true" signature="beforeClass()[pri:0, instance:testScripts.ReportTest@185a6e9]" started-at="2023-12-27T18:21:48 IST" name="beforeClass" finished-at="2023-12-27T18:22:10 IST" duration-ms="21931" status="PASS">
          <reporter-output>
            <line>
              <![CDATA[Before class]]>
            </line>
          </reporter-output>
        </test-method> <!-- beforeClass -->
        <test-method is-config="true" signature="beforeMethod(java.lang.reflect.Method)[pri:0, instance:testScripts.ReportTest@185a6e9]" started-at="2023-12-27T18:22:10 IST" name="beforeMethod" finished-at="2023-12-27T18:22:17 IST" duration-ms="7112" status="PASS">
          <params>
            <param index="0">
              <value>
                <![CDATA[public void testScripts.ReportTest.reportTest()]]>
              </value>
            </param>
          </params>
          <reporter-output>
            <line>
              <![CDATA[Login]]>
            </line>
          </reporter-output>
        </test-method> <!-- beforeMethod -->
        <test-method signature="reportTest()[pri:0, instance:testScripts.ReportTest@185a6e9]" started-at="2023-12-27T18:22:17 IST" name="reportTest" finished-at="2023-12-27T18:22:18 IST" duration-ms="387" status="PASS">
          <reporter-output>
          </reporter-output>
        </test-method> <!-- reportTest -->
        <test-method is-config="true" signature="afterMethod()[pri:0, instance:testScripts.ReportTest@185a6e9]" started-at="2023-12-27T18:22:18 IST" name="afterMethod" finished-at="2023-12-27T18:22:20 IST" duration-ms="2354" status="PASS">
          <reporter-output>
            <line>
              <![CDATA[Log out]]>
            </line>
          </reporter-output>
        </test-method> <!-- afterMethod -->
        <test-method is-config="true" signature="beforeMethod(java.lang.reflect.Method)[pri:0, instance:testScripts.ReportTest@185a6e9]" started-at="2023-12-27T18:22:20 IST" name="beforeMethod" finished-at="2023-12-27T18:22:27 IST" duration-ms="7190" status="PASS">
          <params>
            <param index="0">
              <value>
                <![CDATA[public void testScripts.ReportTest.reportTest2()]]>
              </value>
            </param>
          </params>
          <reporter-output>
            <line>
              <![CDATA[Login]]>
            </line>
          </reporter-output>
        </test-method> <!-- beforeMethod -->
        <test-method signature="reportTest2()[pri:0, instance:testScripts.ReportTest@185a6e9]" started-at="2023-12-27T18:22:27 IST" name="reportTest2" finished-at="2023-12-27T18:22:28 IST" duration-ms="295" status="PASS">
          <reporter-output>
          </reporter-output>
        </test-method> <!-- reportTest2 -->
        <test-method is-config="true" signature="afterMethod()[pri:0, instance:testScripts.ReportTest@185a6e9]" started-at="2023-12-27T18:22:28 IST" name="afterMethod" finished-at="2023-12-27T18:22:31 IST" duration-ms="3661" status="PASS">
          <reporter-output>
            <line>
              <![CDATA[Log out]]>
            </line>
          </reporter-output>
        </test-method> <!-- afterMethod -->
        <test-method is-config="true" signature="afterClass()[pri:0, instance:testScripts.ReportTest@185a6e9]" started-at="2023-12-27T18:22:31 IST" name="afterClass" finished-at="2023-12-27T18:22:31 IST" duration-ms="13" status="PASS">
          <reporter-output>
            <line>
              <![CDATA[After class]]>
            </line>
          </reporter-output>
        </test-method> <!-- afterClass -->
        <test-method is-config="true" signature="afterTest()[pri:0, instance:testScripts.ReportTest@185a6e9]" started-at="2023-12-27T18:22:31 IST" name="afterTest" finished-at="2023-12-27T18:22:31 IST" duration-ms="7" status="PASS">
          <reporter-output>
            <line>
              <![CDATA[After test]]>
            </line>
          </reporter-output>
        </test-method> <!-- afterTest -->
        <test-method is-config="true" signature="afterSuite()[pri:0, instance:testScripts.ReportTest@185a6e9]" started-at="2023-12-27T18:22:32 IST" name="afterSuite" finished-at="2023-12-27T18:22:34 IST" duration-ms="1724" status="PASS">
          <reporter-output>
            <line>
              <![CDATA[Close connection to database]]>
            </line>
          </reporter-output>
        </test-method> <!-- afterSuite -->
      </class> <!-- testScripts.ReportTest -->
    </test> <!-- Default test -->
  </suite> <!-- Default suite -->
</testng-results>
