<?xml version="1.0" encoding="UTF-8"?>
<!-- Generated by org.testng.reporters.JUnitXMLReporter -->
<testsuite ignored="4" hostname="DESKTOP-4S10T7P" failures="0" tests="3" name="Test" time="43.565" errors="0" timestamp="2023-12-21T09:41:51 IST">
  <testcase classname="testScripts.BooksTest" name="sortBooksByNameAndPrice" time="23.749"/>
  <testcase classname="testScripts.BooksTest" name="verifyBookPage_001" time="0.774"/>
  <testcase classname="testScripts.ComputersTest" name="addToCart" time="2.506"/>
  <testcase classname="genericLibrary.BaseClass" name="@BeforeSuite beforeSuite" time="0.0">
    <ignored/>
  </testcase> <!-- @BeforeSuite beforeSuite -->
  <testcase classname="genericLibrary.BaseClass" name="@BeforeTest before" time="0.0">
    <ignored/>
  </testcase> <!-- @BeforeTest before -->
  <testcase classname="genericLibrary.BaseClass" name="@AfterTest afterTest" time="0.0">
    <ignored/>
  </testcase> <!-- @AfterTest afterTest -->
  <testcase classname="genericLibrary.BaseClass" name="@AfterSuite afterSuite" time="0.0">
    <ignored/>
  </testcase> <!-- @AfterSuite afterSuite -->
</testsuite> <!-- Test -->
