<?xml version="1.0" encoding="UTF-8"?>
<testng-results ignored="0" total="1" passed="1" failed="0" skipped="0">
  <reporter-output>
  </reporter-output>
  <suite started-at="2023-12-26T15:42:42 IST" name="Default suite" finished-at="2023-12-26T15:42:53 IST" duration-ms="11321">
    <groups>
    </groups>
    <test started-at="2023-12-26T15:42:42 IST" name="Default test" finished-at="2023-12-26T15:42:53 IST" duration-ms="11321">
      <class name="testScripts.Report">
        <test-method signature="reportTest()[pri:0, instance:testScripts.Report@306f16f3]" started-at="2023-12-26T15:42:42 IST" name="reportTest" finished-at="2023-12-26T15:42:53 IST" duration-ms="11246" status="PASS">
          <reporter-output>
          </reporter-output>
        </test-method> <!-- reportTest -->
      </class> <!-- testScripts.Report -->
    </test> <!-- Default test -->
  </suite> <!-- Default suite -->
</testng-results>
